0 info it worked if it ends with ok
1 verbose cli [ '/home/byron/.nvm/versions/node/v6.10.1/bin/node',
1 verbose cli   '/home/byron/.nvm/versions/node/v6.10.1/bin/npm',
1 verbose cli   'run',
1 verbose cli   'test' ]
2 info using npm@3.10.10
3 info using node@v6.10.1
4 verbose run-script [ 'pretest', 'test', 'posttest' ]
5 info lifecycle tdd-hotel@1.0.0~pretest: tdd-hotel@1.0.0
6 silly lifecycle tdd-hotel@1.0.0~pretest: no script for pretest, continuing
7 info lifecycle tdd-hotel@1.0.0~test: tdd-hotel@1.0.0
8 verbose lifecycle tdd-hotel@1.0.0~test: unsafe-perm in lifecycle true
9 verbose lifecycle tdd-hotel@1.0.0~test: PATH: /home/byron/.nvm/versions/node/v6.10.1/lib/node_modules/npm/bin/node-gyp-bin:/home/byron/Projects/tdd-hotel/node_modules/.bin:/home/byron/.nvm/versions/node/v6.10.1/bin:/home/byron/.rvm/gems/ruby-2.2.1/bin:/home/byron/.rvm/gems/ruby-2.2.1@global/bin:/usr/share/rvm/rubies/ruby-2.2.1/bin:/usr/local/sbin:/usr/local/bin:/usr/sbin:/usr/bin:/sbin:/bin:/usr/games:/usr/local/games:/home/byron/.rvm/bin:/usr/share/rvm/bin:/home/byron/.rvm/bin:/home/byron/.rvm/bin
10 verbose lifecycle tdd-hotel@1.0.0~test: CWD: /home/byron/Projects/tdd-hotel
11 silly lifecycle tdd-hotel@1.0.0~test: Args: [ '-c', 'jest --coverage' ]
12 silly lifecycle tdd-hotel@1.0.0~test: Returned: code: 1  signal: null
13 info lifecycle tdd-hotel@1.0.0~test: Failed to exec test script
14 verbose stack Error: tdd-hotel@1.0.0 test: `jest --coverage`
14 verbose stack Exit status 1
14 verbose stack     at EventEmitter.<anonymous> (/home/byron/.nvm/versions/node/v6.10.1/lib/node_modules/npm/lib/utils/lifecycle.js:255:16)
14 verbose stack     at emitTwo (events.js:106:13)
14 verbose stack     at EventEmitter.emit (events.js:191:7)
14 verbose stack     at ChildProcess.<anonymous> (/home/byron/.nvm/versions/node/v6.10.1/lib/node_modules/npm/lib/utils/spawn.js:40:14)
14 verbose stack     at emitTwo (events.js:106:13)
14 verbose stack     at ChildProcess.emit (events.js:191:7)
14 verbose stack     at maybeClose (internal/child_process.js:886:16)
14 verbose stack     at Process.ChildProcess._handle.onexit (internal/child_process.js:226:5)
15 verbose pkgid tdd-hotel@1.0.0
16 verbose cwd /home/byron/Projects/tdd-hotel
17 error Linux 3.19.0-32-generic
18 error argv "/home/byron/.nvm/versions/node/v6.10.1/bin/node" "/home/byron/.nvm/versions/node/v6.10.1/bin/npm" "run" "test"
19 error node v6.10.1
20 error npm  v3.10.10
21 error code ELIFECYCLE
22 error tdd-hotel@1.0.0 test: `jest --coverage`
22 error Exit status 1
23 error Failed at the tdd-hotel@1.0.0 test script 'jest --coverage'.
23 error Make sure you have the latest version of node.js and npm installed.
23 error If you do, this is most likely a problem with the tdd-hotel package,
23 error not with npm itself.
23 error Tell the author that this fails on your system:
23 error     jest --coverage
23 error You can get information on how to open an issue for this project with:
23 error     npm bugs tdd-hotel
23 error Or if that isn't available, you can get their info via:
23 error     npm owner ls tdd-hotel
23 error There is likely additional logging output above.
24 verbose exit [ 1, true ]
